(0000) 3000  0011000000000000 (   1)                 .ORIG x3000
(3000) 2C1D  0010110000011101 (   3)                 LD    R6 data_address
(3001) 1BA0  0001101110100000 (   4)                 ADD   R5 R6 #0
(3002) 6580  0110010110000000 (   6)                 LDR   R2 R6 #0
(3003) 281B  0010100000011011 (   7)                 LD    R4 cant
(3004) 193F  0001100100111111 (   9) max_val         ADD   R4 R4 #-1
(3005) 0408  0000010000001000 (  10)                 BRZ   fin_max
(3006) 6340  0110001101000000 (  11)                 LDR   R1 R5 #0
(3007) 1B61  0001101101100001 (  12)                 ADD   R5 R5 #1
(3008) 1043  0001000001000011 (  13)                 ADD   R0 R1 R3
(3009) 0DFA  0000110111111010 (  14)                 BRNZ  max_val
(300A) 1460  0001010001100000 (  16)                 ADD   R2 R1 #0
(300B) 96BF  1001011010111111 (  17)                 NOT   R3 R2
(300C) 16E1  0001011011100001 (  18)                 ADD   R3 R3 #1
(300D) 0FF6  0000111111110110 (  20)                 BRNZP max_val
(300E) 3411  0011010000010001 (  21) fin_max         ST    R2 max
(300F) 1BA0  0001101110100000 (  23)                 ADD   R5 R6 #0
(3010) 280E  0010100000001110 (  24)                 LD    R4 cant
(3011) 6540  0110010101000000 (  25)                 LDR   R2 R5 #0
(3012) 193F  0001100100111111 (  27) min_val         ADD   R4 R4 #-1
(3013) 0408  0000010000001000 (  28)                 BRZ   fin_min
(3014) 6340  0110001101000000 (  29)                 LDR   R1 R5 #0
(3015) 1B61  0001101101100001 (  30)                 ADD   R5 R5 #1
(3016) 1043  0001000001000011 (  31)                 ADD   R0 R1 R3
(3017) 03FA  0000001111111010 (  32)                 BRP   min_val
(3018) 1460  0001010001100000 (  34)                 ADD   R2 R1 #0
(3019) 96BF  1001011010111111 (  35)                 NOT   R3 R2
(301A) 16E1  0001011011100001 (  36)                 ADD   R3 R3 #1
(301B) 0FF6  0000111111110110 (  38)                 BRNZP min_val
(301C) 3404  0011010000000100 (  39) fin_min         ST    R2 min
(301D) F025  1111000000100101 (  42)                 TRAP  x25
(301E) 3500  0011010100000000 (  44) data_address    .FILL x3500
(301F) 000A  0000000000001010 (  45) cant            .FILL x000A
(3020) 0000  0000000000000000 (  47) max             .FILL x0000
(3021) 0000  0000000000000000 (  48) min             .FILL x0000
