(0000) 7000  0111000000000000 (   5)                 .ORIG x7000
(7000) 2203  0010001000000011 (   6)                 LD    R1 num1
(7001) 2403  0010010000000011 (   7)                 LD    R2 num2
(7002) 4803  0100100000000011 (   8)                 JSR   division
(7003) F025  1111000000100101 (   9)                 TRAP  x25
(7004) 002E  0000000000101110 (  11) num1            .FILL x002E
(7005) 0003  0000000000000011 (  12) num2            .FILL x0003
(7006) 5020  0101000000100000 (  15) division        AND   R0 R0 #0
(7007) 56E0  0101011011100000 (  16)                 AND   R3 R3 #0
(7008) 3E18  0011111000011000 (  17)                 ST    R7 divsave
(7009) EE17  1110111000010111 (  18)                 LEA   R7 divsave
(700A) 73C1  0111001111000001 (  19)                 STR   R1 R7 #1
(700B) 79C2  0111100111000010 (  20)                 STR   R4 R7 #2
(700C) 7BC3  0111101111000011 (  21)                 STR   R5 R7 #3
(700D) 7DC4  0111110111000100 (  22)                 STR   R6 R7 #4
(700E) 94BF  1001010010111111 (  24)                 NOT   R2 R2
(700F) 14A1  0001010010100001 (  25)                 ADD   R2 R2 #1
(7010) 5920  0101100100100000 (  26)                 AND   R4 R4 #0
(7011) 1242  0001001001000010 (  28) div_op          ADD   R1 R1 R2
(7012) 0802  0000100000000010 (  29)                 BRN   div_op_out
(7013) 1921  0001100100100001 (  31)                 ADD   R4 R4 #1
(7014) 0FFC  0000111111111100 (  32)                 BRNZP div_op
(7015) 1120  0001000100100000 (  35) div_op_out      ADD   R0 R4 #0
(7016) 94BF  1001010010111111 (  36)                 NOT   R2 R2
(7017) 14A1  0001010010100001 (  37)                 ADD   R2 R2 #1
(7018) 1660  0001011001100000 (  38)                 ADD   R3 R1 #0
(7019) 0601  0000011000000001 (  39)                 BRZP  neg
(701A) 16C2  0001011011000010 (  40)                 ADD   R3 R3 R2
(701B) 63C1  0110001111000001 (  41) neg             LDR   R1 R7 #1
(701C) 69C2  0110100111000010 (  42)                 LDR   R4 R7 #2
(701D) 6BC3  0110101111000011 (  43)                 LDR   R5 R7 #3
(701E) 6DC4  0110110111000100 (  44)                 LDR   R6 R7 #4
(701F) 6FC0  0110111111000000 (  45)                 LDR   R7 R7 #0
(7020) C1C0  1100000111000000 (  46)                 RET   
(7021) 0000  0000000000000000 (  51) divsave         .FILL x0000
(7022) 0000  0000000000000000 (  51)                 .FILL x0000
(7023) 0000  0000000000000000 (  51)                 .FILL x0000
(7024) 0000  0000000000000000 (  51)                 .FILL x0000
(7025) 0000  0000000000000000 (  51)                 .FILL x0000
