(0000) 3500  0011010100000000 (   1)                 .ORIG x3500
(3500) FECD  1111111011001101 (   2)                 .FILL xFECD
(3501) 0305  0000001100000101 (   3)                 .FILL x0305
(3502) FFA5  1111111110100101 (   4)                 .FILL xFFA5
(3503) FF53  1111111101010011 (   5)                 .FILL xFF53
(3504) FDCB  1111110111001011 (   6)                 .FILL xFDCB
(3505) FD13  1111110100010011 (   7)                 .FILL xFD13
(3506) FE82  1111111010000010 (   8)                 .FILL xFE82
(3507) 01C4  0000000111000100 (   9)                 .FILL x01C4
(3508) 0236  0000001000110110 (  10)                 .FILL x0236
(3509) 0184  0000000110000100 (  11)                 .FILL x0184
(350A) FC2B  1111110000101011 (  12)                 .FILL xFC2B
(350B) 02AF  0000001010101111 (  13)                 .FILL x02AF
(350C) 034D  0000001101001101 (  14)                 .FILL x034D
(350D) 021E  0000001000011110 (  15)                 .FILL x021E
(350E) FC6D  1111110001101101 (  16)                 .FILL xFC6D
(350F) FF0C  1111111100001100 (  17)                 .FILL xFF0C
(3510) 0199  0000000110011001 (  18)                 .FILL x0199
(3511) 01CB  0000000111001011 (  19)                 .FILL x01CB
(3512) FDD8  1111110111011000 (  20)                 .FILL xFDD8
(3513) FE32  1111111000110010 (  21)                 .FILL xFE32
(3514) 015A  0000000101011010 (  22)                 .FILL x015A
(3515) FFD3  1111111111010011 (  23)                 .FILL xFFD3
(3516) 00F8  0000000011111000 (  24)                 .FILL x00F8
(3517) FDF1  1111110111110001 (  25)                 .FILL xFDF1
(3518) FD7A  1111110101111010 (  26)                 .FILL xFD7A
(3519) 0294  0000001010010100 (  27)                 .FILL x0294
(351A) 0216  0000001000010110 (  28)                 .FILL x0216
(351B) 0365  0000001101100101 (  29)                 .FILL x0365
(351C) FCEF  1111110011101111 (  30)                 .FILL xFCEF
(351D) FD84  1111110110000100 (  31)                 .FILL xFD84
(351E) FCDE  1111110011011110 (  32)                 .FILL xFCDE
(351F) FFEC  1111111111101100 (  33)                 .FILL xFFEC
(3520) FD9A  1111110110011010 (  34)                 .FILL xFD9A
(3521) 0318  0000001100011000 (  35)                 .FILL x0318
(3522) FCDE  1111110011011110 (  36)                 .FILL xFCDE
(3523) FC70  1111110001110000 (  37)                 .FILL xFC70
(3524) 0073  0000000001110011 (  38)                 .FILL x0073
(3525) 0221  0000001000100001 (  39)                 .FILL x0221
(3526) FE88  1111111010001000 (  40)                 .FILL xFE88
(3527) FD7E  1111110101111110 (  41)                 .FILL xFD7E
(3528) FEBE  1111111010111110 (  42)                 .FILL xFEBE
(3529) FDBC  1111110110111100 (  43)                 .FILL xFDBC
(352A) 0014  0000000000010100 (  44)                 .FILL x0014
(352B) 032D  0000001100101101 (  45)                 .FILL x032D
(352C) 0102  0000000100000010 (  46)                 .FILL x0102
(352D) FCE3  1111110011100011 (  47)                 .FILL xFCE3
(352E) FF26  1111111100100110 (  48)                 .FILL xFF26
(352F) FC85  1111110010000101 (  49)                 .FILL xFC85
(3530) 0003  0000000000000011 (  50)                 .FILL x0003
(3531) FF77  1111111101110111 (  51)                 .FILL xFF77
(3532) 03E4  0000001111100100 (  52)                 .FILL x03E4
(3533) 0270  0000001001110000 (  53)                 .FILL x0270
(3534) FFE3  1111111111100011 (  54)                 .FILL xFFE3
(3535) 0315  0000001100010101 (  55)                 .FILL x0315
(3536) FD2B  1111110100101011 (  56)                 .FILL xFD2B
(3537) FF24  1111111100100100 (  57)                 .FILL xFF24
(3538) 0357  0000001101010111 (  58)                 .FILL x0357
(3539) 0343  0000001101000011 (  59)                 .FILL x0343
(353A) 01AB  0000000110101011 (  60)                 .FILL x01AB
(353B) 00ED  0000000011101101 (  61)                 .FILL x00ED
(353C) FEC6  1111111011000110 (  62)                 .FILL xFEC6
(353D) 0368  0000001101101000 (  63)                 .FILL x0368
(353E) FD11  1111110100010001 (  64)                 .FILL xFD11
(353F) 01CD  0000000111001101 (  65)                 .FILL x01CD
(3540) 0125  0000000100100101 (  66)                 .FILL x0125
(3541) 029B  0000001010011011 (  67)                 .FILL x029B
(3542) FF34  1111111100110100 (  68)                 .FILL xFF34
(3543) 01F4  0000000111110100 (  69)                 .FILL x01F4
(3544) 029F  0000001010011111 (  70)                 .FILL x029F
(3545) FE9D  1111111010011101 (  71)                 .FILL xFE9D
(3546) 0069  0000000001101001 (  72)                 .FILL x0069
(3547) 03BF  0000001110111111 (  73)                 .FILL x03BF
(3548) 0063  0000000001100011 (  74)                 .FILL x0063
(3549) FEAD  1111111010101101 (  75)                 .FILL xFEAD
(354A) 00EF  0000000011101111 (  76)                 .FILL x00EF
(354B) FEE9  1111111011101001 (  77)                 .FILL xFEE9
(354C) 0201  0000001000000001 (  78)                 .FILL x0201
(354D) FF54  1111111101010100 (  79)                 .FILL xFF54
(354E) FFF1  1111111111110001 (  80)                 .FILL xFFF1
(354F) 0186  0000000110000110 (  81)                 .FILL x0186
(3550) 03B2  0000001110110010 (  82)                 .FILL x03B2
(3551) FEA7  1111111010100111 (  83)                 .FILL xFEA7
(3552) 02A4  0000001010100100 (  84)                 .FILL x02A4
(3553) 01DE  0000000111011110 (  85)                 .FILL x01DE
(3554) 038D  0000001110001101 (  86)                 .FILL x038D
(3555) FC57  1111110001010111 (  87)                 .FILL xFC57
(3556) FEE2  1111111011100010 (  88)                 .FILL xFEE2
(3557) 0145  0000000101000101 (  89)                 .FILL x0145
(3558) FE4B  1111111001001011 (  90)                 .FILL xFE4B
(3559) FDE4  1111110111100100 (  91)                 .FILL xFDE4
(355A) 01A6  0000000110100110 (  92)                 .FILL x01A6
(355B) 00F9  0000000011111001 (  93)                 .FILL x00F9
(355C) 00B5  0000000010110101 (  94)                 .FILL x00B5
(355D) 0141  0000000101000001 (  95)                 .FILL x0141
(355E) FC77  1111110001110111 (  96)                 .FILL xFC77
(355F) FED1  1111111011010001 (  97)                 .FILL xFED1
(3560) FF9F  1111111110011111 (  98)                 .FILL xFF9F
(3561) FDFA  1111110111111010 (  99)                 .FILL xFDFA
(3562) 01AE  0000000110101110 ( 100)                 .FILL x01AE
(3563) 02C9  0000001011001001 ( 101)                 .FILL x02C9
